[0407/201631:ERROR:process_info.cc(608)] range at 0xffc28000, size 0x230 fully unreadable
[0407/201631:ERROR:process_info.cc(608)] range at 0xffc2f000, size 0xf84 fully unreadable
[0407/201631:ERROR:process_info.cc(608)] range at 0xffbff000, size 0xf84 fully unreadable
[0407/201631:ERROR:process_info.cc(608)] range at 0xffbfc000, size 0xf84 fully unreadable
[0407/201631:ERROR:process_info.cc(608)] range at 0xffbf9000, size 0xf84 fully unreadable
[0407/201631:ERROR:process_info.cc(608)] range at 0xffbf6000, size 0xf84 fully unreadable
[0407/201631:ERROR:process_info.cc(608)] range at 0xffacf000, size 0xf84 fully unreadable
[0407/201631:ERROR:process_info.cc(608)] range at 0xffacc000, size 0xf84 fully unreadable
[0407/201631:ERROR:process_info.cc(608)] range at 0xffac9000, size 0xf84 fully unreadable
[0407/201631:ERROR:process_info.cc(608)] range at 0xffac6000, size 0xf84 fully unreadable
[0407/201631:ERROR:process_info.cc(608)] range at 0xffac3000, size 0xf84 fully unreadable
[0407/201631:ERROR:process_info.cc(608)] range at 0xffac0000, size 0xf84 fully unreadable
[0407/201631:ERROR:process_reader_win.cc(232)] ReadMemory at 0x74f2e048 of 28 bytes failed: Only part of a ReadProcessMemory or WriteProcessMemory request was completed. (0x12B)
[0407/201631:WARNING:pe_image_reader.cc(134)] could not read data directory from C:\Windows\SYSTEM32\bcryptPrimitives.dll
[0407/201631:ERROR:process_reader_win.cc(232)] ReadMemory at 0x74f40000 of 64 bytes failed: Only part of a ReadProcessMemory or WriteProcessMemory request was completed. (0x12B)
[0407/201631:WARNING:pe_image_reader.cc(280)] could not read dos header from C:\Windows\SYSTEM32\CRYPTBASE.dll
[0407/201631:ERROR:process_reader_win.cc(232)] ReadMemory at 0x74f50000 of 64 bytes failed: Only part of a ReadProcessMemory or WriteProcessMemory request was completed. (0x12B)
[0407/201631:WARNING:pe_image_reader.cc(280)] could not read dos header from C:\Windows\SYSTEM32\SspiCli.dll
[0407/201631:ERROR:process_reader_win.cc(232)] ReadMemory at 0x74f70000 of 64 bytes failed: Only part of a ReadProcessMemory or WriteProcessMemory request was completed. (0x12B)
[0407/201631:WARNING:pe_image_reader.cc(280)] could not read dos header from C:\Windows\SYSTEM32\RPCRT4.dll
[0407/201631:ERROR:process_reader_win.cc(232)] ReadMemory at 0x76c60000 of 64 bytes failed: Only part of a ReadProcessMemory or WriteProcessMemory request was completed. (0x12B)
[0407/201631:WARNING:pe_image_reader.cc(280)] could not read dos header from C:\Windows\SYSTEM32\sechost.dll
[0407/201631:ERROR:process_reader_win.cc(232)] ReadMemory at 0x76540000 of 64 bytes failed: Only part of a ReadProcessMemory or WriteProcessMemory request was completed. (0x12B)
[0407/201631:WARNING:pe_image_reader.cc(280)] could not read dos header from C:\Windows\SYSTEM32\ADVAPI32.dll
[0407/201631:ERROR:process_reader_win.cc(232)] ReadMemory at 0x73b80000 of 64 bytes failed: Only part of a ReadProcessMemory or WriteProcessMemory request was completed. (0x12B)
[0407/201631:WARNING:pe_image_reader.cc(280)] could not read dos header from C:\Program Files (x86)\Google\Chrome\Application\49.0.2623.110\chrome_elf.dll
[0407/201631:ERROR:process_reader_win.cc(232)] ReadMemory at 0x76eb0000 of 64 bytes failed: Only part of a ReadProcessMemory or WriteProcessMemory request was completed. (0x12B)
[0407/201631:WARNING:pe_image_reader.cc(280)] could not read dos header from C:\Windows\SYSTEM32\combase.dll
[0407/201631:ERROR:process_reader_win.cc(232)] ReadMemory at 0x74e10000 of 64 bytes failed: Only part of a ReadProcessMemory or WriteProcessMemory request was completed. (0x12B)
[0407/201631:WARNING:pe_image_reader.cc(280)] could not read dos header from C:\Windows\SYSTEM32\WINHTTP.dll
[0407/201631:ERROR:process_reader_win.cc(232)] ReadMemory at 0x74b60000 of 64 bytes failed: Only part of a ReadProcessMemory or WriteProcessMemory request was completed. (0x12B)
[0407/201631:WARNING:pe_image_reader.cc(280)] could not read dos header from C:\Windows\SYSTEM32\VERSION.dll
[0407/201631:ERROR:process_reader_win.cc(232)] ReadMemory at 0x76d90000 of 64 bytes failed: Only part of a ReadProcessMemory or WriteProcessMemory request was completed. (0x12B)
[0407/201631:WARNING:pe_image_reader.cc(280)] could not read dos header from C:\Windows\SYSTEM32\cfgmgr32.dll
[0407/201631:ERROR:process_reader_win.cc(232)] ReadMemory at 0x6a230000 of 64 bytes failed: Only part of a ReadProcessMemory or WriteProcessMemory request was completed. (0x12B)
[0407/201631:WARNING:pe_image_reader.cc(280)] could not read dos header from C:\Windows\SYSTEM32\DEVOBJ.dll
[0407/201631:ERROR:process_reader_win.cc(232)] ReadMemory at 0x6a260000 of 64 bytes failed: Only part of a ReadProcessMemory or WriteProcessMemory request was completed. (0x12B)
[0407/201631:WARNING:pe_image_reader.cc(280)] could not read dos header from C:\Windows\SYSTEM32\WINMMBASE.dll
[0407/201631:ERROR:process_reader_win.cc(232)] ReadMemory at 0x76650000 of 64 bytes failed: Only part of a ReadProcessMemory or WriteProcessMemory request was completed. (0x12B)
[0407/201631:WARNING:pe_image_reader.cc(280)] could not read dos header from C:\Windows\SYSTEM32\GDI32.dll
[0407/201631:ERROR:process_reader_win.cc(232)] ReadMemory at 0x771f0000 of 64 bytes failed: Only part of a ReadProcessMemory or WriteProcessMemory request was completed. (0x12B)
[0407/201631:WARNING:pe_image_reader.cc(280)] could not read dos header from C:\Windows\SYSTEM32\USER32.dll
[0407/201631:ERROR:process_reader_win.cc(232)] ReadMemory at 0x73b20000 of 64 bytes failed: Only part of a ReadProcessMemory or WriteProcessMemory request was completed. (0x12B)
[0407/201631:WARNING:pe_image_reader.cc(280)] could not read dos header from C:\Program Files (x86)\Kaspersky Lab\Kaspersky Internet Security 16.0.0\inproc_agent.dll
[0407/201631:ERROR:process_reader_win.cc(232)] ReadMemory at 0x74a30000 of 64 bytes failed: Only part of a ReadProcessMemory or WriteProcessMemory request was completed. (0x12B)
[0407/201631:WARNING:pe_image_reader.cc(280)] could not read dos header from C:\Program Files (x86)\Kaspersky Lab\Kaspersky Internet Security 16.0.0\product_info.dll
[0407/201631:ERROR:process_reader_win.cc(232)] ReadMemory at 0x73460000 of 64 bytes failed: Only part of a ReadProcessMemory or WriteProcessMemory request was completed. (0x12B)
[0407/201631:WARNING:pe_image_reader.cc(280)] could not read dos header from C:\ProgramData\Kaspersky Lab\AVP16.0.0\Bases\klsihk.dll
[0407/201631:ERROR:process_reader_win.cc(232)] ReadMemory at 0x774e0000 of 64 bytes failed: Only part of a ReadProcessMemory or WriteProcessMemory request was completed. (0x12B)
[0407/201631:WARNING:pe_image_reader.cc(280)] could not read dos header from C:\Windows\SYSTEM32\MSCTF.dll
[0407/201631:ERROR:process_reader_win.cc(232)] ReadMemory at 0x76d60000 of 64 bytes failed: Only part of a ReadProcessMemory or WriteProcessMemory request was completed. (0x12B)
[0407/201631:WARNING:pe_image_reader.cc(280)] could not read dos header from C:\Windows\system32\IMM32.DLL
[0407/201631:ERROR:process_reader_win.cc(232)] ReadMemory at 0x6a290000 of 64 bytes failed: Only part of a ReadProcessMemory or WriteProcessMemory request was completed. (0x12B)
[0407/201631:WARNING:pe_image_reader.cc(280)] could not read dos header from C:\Windows\SYSTEM32\WINMM.dll
[0407/201631:ERROR:process_reader_win.cc(232)] ReadMemory at 0x74ad0000 of 64 bytes failed: Only part of a ReadProcessMemory or WriteProcessMemory request was completed. (0x12B)
[0407/201631:WARNING:pe_image_reader.cc(280)] could not read dos header from C:\Windows\SYSTEM32\profapi.dll
[0407/201631:ERROR:process_reader_win.cc(232)] ReadMemory at 0x74b40000 of 64 bytes failed: Only part of a ReadProcessMemory or WriteProcessMemory request was completed. (0x12B)
[0407/201631:WARNING:pe_image_reader.cc(280)] could not read dos header from C:\Windows\SYSTEM32\USERENV.dll
[0407/201631:ERROR:process_reader_win.cc(232)] ReadMemory at 0x74bd0000 of 64 bytes failed: Only part of a ReadProcessMemory or WriteProcessMemory request was completed. (0x12B)
[0407/201631:WARNING:pe_image_reader.cc(280)] could not read dos header from C:\Windows\SYSTEM32\WTSAPI32.dll
[0407/201631:ERROR:process_reader_win.cc(232)] ReadMemory at 0x76a70000 of 64 bytes failed: Only part of a ReadProcessMemory or WriteProcessMemory request was completed. (0x12B)
[0407/201631:WARNING:pe_image_reader.cc(280)] could not read dos header from C:\Windows\SYSTEM32\SHLWAPI.dll
[0407/201631:ERROR:process_reader_win.cc(232)] ReadMemory at 0x75280000 of 64 bytes failed: Only part of a ReadProcessMemory or WriteProcessMemory request was completed. (0x12B)
[0407/201631:WARNING:pe_image_reader.cc(280)] could not read dos header from C:\Windows\SYSTEM32\SHELL32.dll
[0407/201631:ERROR:process_reader_win.cc(232)] ReadMemory at 0x73f00000 of 64 bytes failed: Only part of a ReadProcessMemory or WriteProcessMemory request was completed. (0x12B)
[0407/201631:WARNING:pe_image_reader.cc(280)] could not read dos header from C:\Windows\SYSTEM32\shcore.dll
[0407/201631:ERROR:process_reader_win.cc(232)] ReadMemory at 0x77630000 of 64 bytes failed: Only part of a ReadProcessMemory or WriteProcessMemory request was completed. (0x12B)
[0407/201631:WARNING:pe_image_reader.cc(280)] could not read dos header from C:\Windows\SYSTEM32\PSAPI.DLL
[0407/201631:ERROR:process_reader_win.cc(232)] ReadMemory at 0x66f20000 of 64 bytes failed: Only part of a ReadProcessMemory or WriteProcessMemory request was completed. (0x12B)
[0407/201631:WARNING:pe_image_reader.cc(280)] could not read dos header from C:\Windows\SYSTEM32\WINSPOOL.DRV
[0407/201631:ERROR:process_reader_win.cc(232)] ReadMemory at 0x6acd0000 of 64 bytes failed: Only part of a ReadProcessMemory or WriteProcessMemory request was completed. (0x12B)
[0407/201631:WARNING:pe_image_reader.cc(280)] could not read dos header from C:\Windows\WinSxS\x86_microsoft.windows.common-controls_6595b64144ccf1df_6.0.9600.18006_none_a9ec6aab013aafee\COMCTL32.dll
[0407/201631:ERROR:process_reader_win.cc(232)] ReadMemory at 0x76940000 of 64 bytes failed: Only part of a ReadProcessMemory or WriteProcessMemory request was completed. (0x12B)
[0407/201631:WARNING:pe_image_reader.cc(280)] could not read dos header from C:\Windows\SYSTEM32\COMDLG32.dll
[0407/201631:ERROR:process_reader_win.cc(232)] ReadMemory at 0x76810000 of 64 bytes failed: Only part of a ReadProcessMemory or WriteProcessMemory request was completed. (0x12B)
[0407/201631:WARNING:pe_image_reader.cc(280)] could not read dos header from C:\Windows\SYSTEM32\ole32.dll
[0407/201631:ERROR:process_reader_win.cc(232)] ReadMemory at 0x76cb0000 of 64 bytes failed: Only part of a ReadProcessMemory or WriteProcessMemory request was completed. (0x12B)
[0407/201631:WARNING:pe_image_reader.cc(280)] could not read dos header from C:\Windows\SYSTEM32\OLEAUT32.dll
[0407/201631:ERROR:process_reader_win.cc(232)] ReadMemory at 0x77640000 of 64 bytes failed: Only part of a ReadProcessMemory or WriteProcessMemory request was completed. (0x12B)
[0407/201631:WARNING:pe_image_reader.cc(280)] could not read dos header from C:\Windows\SYSTEM32\NSI.dll
[0407/201631:ERROR:process_reader_win.cc(232)] ReadMemory at 0x743a0000 of 64 bytes failed: Only part of a ReadProcessMemory or WriteProcessMemory request was completed. (0x12B)
[0407/201631:WARNING:pe_image_reader.cc(280)] could not read dos header from C:\Windows\SYSTEM32\WINNSI.DLL
[0407/201631:ERROR:process_reader_win.cc(232)] ReadMemory at 0x743b0000 of 64 bytes failed: Only part of a ReadProcessMemory or WriteProcessMemory request was completed. (0x12B)
[0407/201631:WARNING:pe_image_reader.cc(280)] could not read dos header from C:\Windows\SYSTEM32\IPHLPAPI.DLL
[0407/201631:ERROR:process_reader_win.cc(232)] ReadMemory at 0x767c0000 of 64 bytes failed: Only part of a ReadProcessMemory or WriteProcessMemory request was completed. (0x12B)
[0407/201631:WARNING:pe_image_reader.cc(280)] could not read dos header from C:\Windows\SYSTEM32\WS2_32.dll
[0407/201631:ERROR:process_reader_win.cc(232)] ReadMemory at 0x73440000 of 64 bytes failed: Only part of a ReadProcessMemory or WriteProcessMemory request was completed. (0x12B)
[0407/201631:WARNING:pe_image_reader.cc(280)] could not read dos header from C:\Windows\SYSTEM32\USP10.dll
[0407/201631:ERROR:process_reader_win.cc(232)] ReadMemory at 0x77600000 of 64 bytes failed: Only part of a ReadProcessMemory or WriteProcessMemory request was completed. (0x12B)
[0407/201631:WARNING:pe_image_reader.cc(280)] could not read dos header from C:\Windows\SYSTEM32\MSASN1.dll
[0407/201631:ERROR:process_reader_win.cc(232)] ReadMemory at 0x77350000 of 64 bytes failed: Only part of a ReadProcessMemory or WriteProcessMemory request was completed. (0x12B)
[0407/201631:WARNING:pe_image_reader.cc(280)] could not read dos header from C:\Windows\SYSTEM32\CRYPT32.dll
[0407/201631:ERROR:process_reader_win.cc(232)] ReadMemory at 0x77650000 of 64 bytes failed: Only part of a ReadProcessMemory or WriteProcessMemory request was completed. (0x12B)
[0407/201631:WARNING:pe_image_reader.cc(280)] could not read dos header from C:\Windows\SYSTEM32\WINTRUST.dll
[0407/201631:ERROR:process_reader_win.cc(232)] ReadMemory at 0x74b30000 of 64 bytes failed: Only part of a ReadProcessMemory or WriteProcessMemory request was completed. (0x12B)
[0407/201631:WARNING:pe_image_reader.cc(280)] could not read dos header from C:\Windows\SYSTEM32\Secur32.dll
[0407/201631:ERROR:process_reader_win.cc(232)] ReadMemory at 0x5c380000 of 64 bytes failed: Only part of a ReadProcessMemory or WriteProcessMemory request was completed. (0x12B)
[0407/201631:WARNING:pe_image_reader.cc(280)] could not read dos header from C:\Program Files (x86)\Google\Chrome\Application\49.0.2623.110\chrome_child.dll
[0407/201631:ERROR:process_reader_win.cc(232)] ReadMemory at 0x6ab40000 of 64 bytes failed: Only part of a ReadProcessMemory or WriteProcessMemory request was completed. (0x12B)
[0407/201631:WARNING:pe_image_reader.cc(280)] could not read dos header from C:\Windows\SYSTEM32\dwrite.dll
[0407/201631:ERROR:process_reader_win.cc(232)] ReadMemory at 0xb6c154 of 12 bytes failed: Only part of a ReadProcessMemory or WriteProcessMemory request was completed. (0x12B)
[0407/201631:WARNING:process_snapshot_win.cc(89)] ReadMemory ExceptionInformation failed
[0407/201631:WARNING:crash_report_exception_handler.cc(60)] ProcessSnapshotWin::InitializeException failed
[0407/201631:ERROR:scoped_process_suspend.cc(38)] NtResumeProcess, ntstatus=-1073741558
[0407/202152:ERROR:process_info.cc(608)] range at 0xffb0f000, size 0x230 fully unreadable
[0407/202152:ERROR:process_info.cc(608)] range at 0xffb0e000, size 0xf84 fully unreadable
[0407/202152:ERROR:process_info.cc(608)] range at 0xffb07000, size 0xf84 fully unreadable
[0407/202152:ERROR:process_info.cc(608)] range at 0xffadf000, size 0xf84 fully unreadable
[0407/202152:ERROR:process_info.cc(608)] range at 0xffadc000, size 0xf84 fully unreadable
[0407/202152:ERROR:process_info.cc(608)] range at 0xffad9000, size 0xf84 fully unreadable
[0407/202152:ERROR:process_info.cc(608)] range at 0xffad6000, size 0xf84 fully unreadable
[0407/202152:ERROR:process_info.cc(608)] range at 0xff9af000, size 0xf84 fully unreadable
[0407/202152:ERROR:process_info.cc(608)] range at 0xff9ac000, size 0xf84 fully unreadable
[0407/202152:ERROR:process_info.cc(608)] range at 0xff9a3000, size 0xf84 fully unreadable
[0407/202152:ERROR:process_info.cc(608)] range at 0xff99d000, size 0xf84 fully unreadable
[0407/202152:ERROR:process_info.cc(608)] range at 0xff99a000, size 0xf84 fully unreadable
[0407/202152:ERROR:process_info.cc(608)] range at 0xff997000, size 0xf84 fully unreadable
[0407/202152:ERROR:process_info.cc(608)] range at 0xff994000, size 0xf84 fully unreadable
[0407/202152:ERROR:process_info.cc(608)] range at 0xff991000, size 0xf84 fully unreadable
[0407/202152:ERROR:process_info.cc(608)] range at 0xffb0a000, size 0xf84 fully unreadable
[0407/202152:ERROR:process_info.cc(608)] range at 0xff9a9000, size 0xf84 fully unreadable
[0407/202152:ERROR:process_info.cc(608)] range at 0xff9a6000, size 0xf84 fully unreadable
[0407/204632:ERROR:process_info.cc(608)] range at 0xfe77f000, size 0x230 fully unreadable
[0407/204632:ERROR:process_info.cc(608)] range at 0xfe77e000, size 0xf84 fully unreadable
[0407/204632:ERROR:process_info.cc(608)] range at 0xfe777000, size 0xf84 fully unreadable
[0407/204632:ERROR:process_info.cc(608)] range at 0xfe74f000, size 0xf84 fully unreadable
[0407/204632:ERROR:process_info.cc(608)] range at 0xfe74c000, size 0xf84 fully unreadable
[0407/204632:ERROR:process_info.cc(608)] range at 0xfe749000, size 0xf84 fully unreadable
[0407/204632:ERROR:process_info.cc(608)] range at 0xfe746000, size 0xf84 fully unreadable
[0407/204632:ERROR:process_info.cc(608)] range at 0xfe61f000, size 0xf84 fully unreadable
[0407/204632:ERROR:process_info.cc(608)] range at 0xfe61c000, size 0xf84 fully unreadable
[0407/204632:ERROR:process_info.cc(608)] range at 0xfe619000, size 0xf84 fully unreadable
[0407/204632:ERROR:process_info.cc(608)] range at 0xfe616000, size 0xf84 fully unreadable
[0407/204632:ERROR:process_info.cc(608)] range at 0xfe613000, size 0xf84 fully unreadable
[0407/204633:ERROR:process_reader_win.cc(232)] ReadMemory at 0x239000 of 28672 bytes failed: Only part of a ReadProcessMemory or WriteProcessMemory request was completed. (0x12B)
[0407/204633:ERROR:crash_report_exception_handler.cc(102)] WriteEverything failed
[0407/204633:ERROR:scoped_process_suspend.cc(38)] NtResumeProcess, ntstatus=-1073741558
[0407/204958:ERROR:process_info.cc(608)] range at 0xff695000, size 0x230 fully unreadable
[0407/204958:ERROR:process_info.cc(608)] range at 0xff69e000, size 0xf84 fully unreadable
[0407/204958:ERROR:process_info.cc(608)] range at 0xff698000, size 0xf84 fully unreadable
[0407/204958:ERROR:process_info.cc(608)] range at 0xff66f000, size 0xf84 fully unreadable
[0407/204958:ERROR:process_info.cc(608)] range at 0xff66c000, size 0xf84 fully unreadable
[0407/204958:ERROR:process_info.cc(608)] range at 0xff669000, size 0xf84 fully unreadable
[0407/204958:ERROR:process_info.cc(608)] range at 0xff666000, size 0xf84 fully unreadable
[0407/204958:ERROR:process_info.cc(608)] range at 0xff53f000, size 0xf84 fully unreadable
[0407/204958:ERROR:process_info.cc(608)] range at 0xff53c000, size 0xf84 fully unreadable
[0407/204958:ERROR:process_info.cc(608)] range at 0xff69b000, size 0xf84 fully unreadable
